<?xml version="1.0" encoding="UTF-8"?>
<robot generator="Robot 3.2.1 (Python 3.8.2 on linux)" generated="20200713 16:11:08.136" rpa="false">
<suite id="s1" name="Validate" source="/home/projects/Network_Infrastructure_repo/pyats/validate.robot">
<test id="s1-t1" name="Validate Ospf">
<kw name="Run verification &quot;ospf&quot; on deivce &quot;R1&quot; using alias &quot;R1&quot;">
<msg timestamp="20200713 16:11:09.201" level="FAIL">No keyword with name 'Run verification "ospf" on deivce "R1" using alias "R1"' found.</msg>
<status status="FAIL" starttime="20200713 16:11:09.201" endtime="20200713 16:11:09.201"></status>
</kw>
<status status="FAIL" starttime="20200713 16:11:09.197" endtime="20200713 16:11:09.201" critical="yes">No keyword with name 'Run verification "ospf" on deivce "R1" using alias "R1"' found.</status>
</test>
<status status="FAIL" starttime="20200713 16:11:08.137" endtime="20200713 16:11:09.202"></status>
</suite>
<statistics>
<total>
<stat pass="0" fail="1">Critical Tests</stat>
<stat pass="0" fail="1">All Tests</stat>
</total>
<tag>
</tag>
<suite>
<stat pass="0" fail="1" id="s1" name="Validate">Validate</stat>
</suite>
</statistics>
<errors>
</errors>
</robot>
